[handleMsg]:  {
  key: {
    remoteJid: '5492634529314@s.whatsapp.net',
    fromMe: false,
    id: 'A9BEDFF7EB942FC9B8',
    participant: undefined
  },
  messageTimestamp: 1712513074,
  pushName: 'Canal de Atencion',
  broadcast: false,
  message: Message {
    extendedTextMessage: ExtendedTextMessage { text: 'UBNT', contextInfo: [ContextInfo] },
    messageContextInfo: MessageContextInfo {
      deviceListMetadata: [DeviceListMetadata],
      deviceListMetadataVersion: 2
    }
  },
  body: 'UBNT',
  from: '5492634529314'
}
[QUEUE_SE_ENVIO]:  {
  ref: 'ans_a99abc6f-22e2-4dd6-9df4-d56b052fb5b9',
  keyword: 'key_02c61aa7-5ac4-4603-8fa1-fdbcd4e7960f',
  answer: '🙌 Hola gracias por comunicarte con  *Intertel Comunicaciones*',
  options: {
    media: null,
    buttons: [],
    capture: false,
    child: null,
    delay: 0,
    idle: null,
    ref: null,
    nested: [],
    keyword: {},
    callback: false
  },
  refSerialize: '73875bf6f9f91f00d02eeb81085c928f'
}
[QUEUE_SE_ENVIO]:  {
  ref: 'ans_482b8a77-785d-4d05-b171-1a82ccf28745',
  keyword: 'ans_a99abc6f-22e2-4dd6-9df4-d56b052fb5b9',
  answer: 'Escribe un *EL NUMERO*  de la opcion deseada:',
  options: {
    media: null,
    buttons: [],
    capture: false,
    child: null,
    delay: 0,
    idle: null,
    ref: null,
    nested: [],
    keyword: {},
    callback: false
  },
  refSerialize: '17f7a764a3f924168adc17ff87e9fdce'
}
[QUEUE_SE_ENVIO]:  {
  ref: 'ans_f7179c22-823a-404f-b18e-bba7d6ca5244',
  keyword: 'ans_482b8a77-785d-4d05-b171-1a82ccf28745',
  answer: '1️⃣ *QUIERO INFORMACION*\n' +
    '2️⃣ *SOY CLIENTE* \n' +
    '3️⃣ *ENVIO DE COMPROBANTE*\n' +
    '*Recorda escribir el número y darle enviar, mensajes de audio y fotos serán ignorados. Gracias!*',
  options: {
    media: null,
    buttons: [],
    capture: false,
    child: null,
    delay: 0,
    idle: null,
    ref: null,
    nested: [ [Object], [Object], [Object], [Object], [Object], [Object] ],
    keyword: {},
    callback: false
  },
  refSerialize: 'f9d6d4e5e8c1a8dc5c03427b01401f85'
}
[handleMsg]:  {
  key: {
    remoteJid: '5492634529314@s.whatsapp.net',
    fromMe: false,
    id: '795D8E7A89B152D255',
    participant: undefined
  },
  messageTimestamp: 1712513079,
  pushName: 'Canal de Atencion',
  broadcast: false,
  message: Message {
    extendedTextMessage: ExtendedTextMessage { text: '1', contextInfo: [ContextInfo] },
    messageContextInfo: MessageContextInfo {
      deviceListMetadata: [DeviceListMetadata],
      deviceListMetadataVersion: 2
    }
  },
  body: '1',
  from: '5492634529314'
}
[QUEUE_SE_ENVIO]:  {
  ref: 'ans_72a12e21-eaf1-4f18-9da8-b99bbad37c54',
  keyword: 'key_24ce6b14-e296-43a1-9718-2794b7b2c420',
  answer: '1️⃣ *Costo de conexion y planes*\n' +
    '2️⃣ *Hablar con un asesor*\n' +
    '3️⃣ *Solicitar Servicio* \n' +
    '0️⃣ *Volver el Menu Anterior*',
  options: {
    media: null,
    buttons: [],
    capture: false,
    child: null,
    delay: 0,
    idle: null,
    ref: null,
    nested: [
      [Object], [Object], [Object],
      [Object], [Object], [Object],
      [Object], [Object], [Object],
      [Object], [Object], [Object],
      [Object], [Object], [Object],
      [Object], [Object], [Object],
      [Object], [Object], [Object],
      [Object]
    ],
    keyword: {},
    callback: false
  },
  refSerialize: '97c8fca0855977d9cdd428a46ba51ece'
}
[handleMsg]:  {
  key: {
    remoteJid: '5492634529314@s.whatsapp.net',
    fromMe: false,
    id: 'BD8A77F9BC449E8EBC',
    participant: undefined
  },
  messageTimestamp: 1712513083,
  pushName: 'Canal de Atencion',
  broadcast: false,
  message: Message {
    extendedTextMessage: ExtendedTextMessage { text: '2', contextInfo: [ContextInfo] },
    messageContextInfo: MessageContextInfo {
      deviceListMetadata: [DeviceListMetadata],
      deviceListMetadataVersion: 2
    }
  },
  body: '2',
  from: '5492634529314'
}
[QUEUE_SE_ENVIO]:  {
  ref: 'ans_ca988ad1-8a42-4a8c-a59b-af16c113db99',
  keyword: 'key_b0d1ebac-ff6b-4f4c-a1c2-ba54c4161ae4',
  answer: '🤖 Un asesor técnico se pondrá en contacto con ud dentro de nuestros horarios de atención: lunes a viernes 9Hs a 19hs. Muchas Gracias',
  options: {
    media: null,
    buttons: [],
    capture: false,
    child: null,
    delay: 0,
    idle: null,
    ref: null,
    nested: [],
    keyword: {},
    callback: false
  },
  refSerialize: 'f3c59b6438fe649f06b1df7513ccb0aa'
}
[QUEUE_SE_ENVIO]:  {
  ref: 'ans_cf5fcb7b-7d50-487c-8e8b-69c8f657250c',
  keyword: 'ans_ca988ad1-8a42-4a8c-a59b-af16c113db99',
  answer: '0️⃣ *Volver al menu anterior*',
  options: {
    media: null,
    buttons: [],
    capture: false,
    child: null,
    delay: 0,
    idle: null,
    ref: null,
    nested: [],
    keyword: {},
    callback: false
  },
  refSerialize: '3121da44a912a15ae85d52b1f1572a87'
}
[handleMsg]:  {
  key: {
    remoteJid: '5492634529314@s.whatsapp.net',
    fromMe: false,
    id: '548B457B3053C73223',
    participant: undefined
  },
  messageTimestamp: 1712513090,
  pushName: 'Canal de Atencion',
  broadcast: false,
  message: Message {
    extendedTextMessage: ExtendedTextMessage { text: '0', contextInfo: [ContextInfo] },
    messageContextInfo: MessageContextInfo {
      deviceListMetadata: [DeviceListMetadata],
      deviceListMetadataVersion: 2
    }
  },
  body: '0',
  from: '5492634529314'
}
[handleMsg]:  {
  key: {
    remoteJid: '5492634529314@s.whatsapp.net',
    fromMe: false,
    id: 'A36BC3E680FAA4B191',
    participant: undefined
  },
  messageTimestamp: 1712513127,
  pushName: 'Canal de Atencion',
  broadcast: false,
  message: Message {
    extendedTextMessage: ExtendedTextMessage { text: 'ubnt', contextInfo: [ContextInfo] },
    messageContextInfo: MessageContextInfo {
      deviceListMetadata: [DeviceListMetadata],
      deviceListMetadataVersion: 2
    }
  },
  body: 'ubnt',
  from: '5492634529314'
}
[QUEUE_SE_ENVIO]:  {
  ref: 'ans_a99abc6f-22e2-4dd6-9df4-d56b052fb5b9',
  keyword: 'key_02c61aa7-5ac4-4603-8fa1-fdbcd4e7960f',
  answer: '🙌 Hola gracias por comunicarte con  *Intertel Comunicaciones*',
  options: {
    media: null,
    buttons: [],
    capture: false,
    child: null,
    delay: 0,
    idle: null,
    ref: null,
    nested: [],
    keyword: {},
    callback: false
  },
  refSerialize: '73875bf6f9f91f00d02eeb81085c928f'
}
[QUEUE_SE_ENVIO]:  {
  ref: 'ans_482b8a77-785d-4d05-b171-1a82ccf28745',
  keyword: 'ans_a99abc6f-22e2-4dd6-9df4-d56b052fb5b9',
  answer: 'Escribe un *EL NUMERO*  de la opcion deseada:',
  options: {
    media: null,
    buttons: [],
    capture: false,
    child: null,
    delay: 0,
    idle: null,
    ref: null,
    nested: [],
    keyword: {},
    callback: false
  },
  refSerialize: '17f7a764a3f924168adc17ff87e9fdce'
}
[QUEUE_SE_ENVIO]:  {
  ref: 'ans_f7179c22-823a-404f-b18e-bba7d6ca5244',
  keyword: 'ans_482b8a77-785d-4d05-b171-1a82ccf28745',
  answer: '1️⃣ *QUIERO INFORMACION*\n' +
    '2️⃣ *SOY CLIENTE* \n' +
    '3️⃣ *ENVIO DE COMPROBANTE*\n' +
    '*Recorda escribir el número y darle enviar, mensajes de audio y fotos serán ignorados. Gracias!*',
  options: {
    media: null,
    buttons: [],
    capture: false,
    child: null,
    delay: 0,
    idle: null,
    ref: null,
    nested: [ [Object], [Object], [Object], [Object], [Object], [Object] ],
    keyword: {},
    callback: false
  },
  refSerialize: 'f9d6d4e5e8c1a8dc5c03427b01401f85'
}
[handleMsg]:  {
  key: {
    remoteJid: '5492634529314@s.whatsapp.net',
    fromMe: false,
    id: 'C7C85F50E0157E55F6',
    participant: undefined
  },
  messageTimestamp: 1712513135,
  pushName: 'Canal de Atencion',
  broadcast: false,
  message: Message {
    extendedTextMessage: ExtendedTextMessage { text: '3', contextInfo: [ContextInfo] },
    messageContextInfo: MessageContextInfo {
      deviceListMetadata: [DeviceListMetadata],
      deviceListMetadataVersion: 2
    }
  },
  body: '3',
  from: '5492634529314'
}
[QUEUE_SE_ENVIO]:  {
  ref: 'ans_957dea90-cbb9-45db-99a1-e2b9c0b48ea1',
  keyword: 'key_40c85d21-25c8-40fe-b944-6e85cd9913b9',
  answer: 'Recibimos su comprobante, el mismo será imputado dentro de nuestros horarios de atención (lunes a viernes 9Hs a 17hs). Si no está enviando comprobante, un asesor se comunicará con Ud. Muchas gracias.',
  options: {
    media: null,
    buttons: [],
    capture: false,
    child: null,
    delay: 0,
    idle: null,
    ref: null,
    nested: [],
    keyword: {},
    callback: false
  },
  refSerialize: '73c300377821248f86e1f9674b6ed048'
}
[handleMsg]:  {
  key: {
    remoteJid: '5492634529314@s.whatsapp.net',
    fromMe: false,
    id: '1D097FBD73337F3E1F',
    participant: undefined
  },
  messageTimestamp: 1712513152,
  pushName: 'Canal de Atencion',
  broadcast: false,
  message: Message {
    extendedTextMessage: ExtendedTextMessage { text: 'ubnt', contextInfo: [ContextInfo] },
    messageContextInfo: MessageContextInfo {
      deviceListMetadata: [DeviceListMetadata],
      deviceListMetadataVersion: 2
    }
  },
  body: 'ubnt',
  from: '5492634529314'
}
[QUEUE_SE_ENVIO]:  {
  ref: 'ans_a99abc6f-22e2-4dd6-9df4-d56b052fb5b9',
  keyword: 'key_02c61aa7-5ac4-4603-8fa1-fdbcd4e7960f',
  answer: '🙌 Hola gracias por comunicarte con  *Intertel Comunicaciones*',
  options: {
    media: null,
    buttons: [],
    capture: false,
    child: null,
    delay: 0,
    idle: null,
    ref: null,
    nested: [],
    keyword: {},
    callback: false
  },
  refSerialize: '73875bf6f9f91f00d02eeb81085c928f'
}
[QUEUE_SE_ENVIO]:  {
  ref: 'ans_482b8a77-785d-4d05-b171-1a82ccf28745',
  keyword: 'ans_a99abc6f-22e2-4dd6-9df4-d56b052fb5b9',
  answer: 'Escribe un *EL NUMERO*  de la opcion deseada:',
  options: {
    media: null,
    buttons: [],
    capture: false,
    child: null,
    delay: 0,
    idle: null,
    ref: null,
    nested: [],
    keyword: {},
    callback: false
  },
  refSerialize: '17f7a764a3f924168adc17ff87e9fdce'
}
[QUEUE_SE_ENVIO]:  {
  ref: 'ans_f7179c22-823a-404f-b18e-bba7d6ca5244',
  keyword: 'ans_482b8a77-785d-4d05-b171-1a82ccf28745',
  answer: '1️⃣ *QUIERO INFORMACION*\n' +
    '2️⃣ *SOY CLIENTE* \n' +
    '3️⃣ *ENVIO DE COMPROBANTE*\n' +
    '*Recorda escribir el número y darle enviar, mensajes de audio y fotos serán ignorados. Gracias!*',
  options: {
    media: null,
    buttons: [],
    capture: false,
    child: null,
    delay: 0,
    idle: null,
    ref: null,
    nested: [ [Object], [Object], [Object], [Object], [Object], [Object] ],
    keyword: {},
    callback: false
  },
  refSerialize: 'f9d6d4e5e8c1a8dc5c03427b01401f85'
}
[handleMsg]:  {
  key: {
    remoteJid: '5492634529314@s.whatsapp.net',
    fromMe: false,
    id: 'FA7FE2941B67DA926F',
    participant: undefined
  },
  messageTimestamp: 1712513156,
  pushName: 'Canal de Atencion',
  broadcast: false,
  message: Message {
    extendedTextMessage: ExtendedTextMessage { text: '2', contextInfo: [ContextInfo] },
    messageContextInfo: MessageContextInfo {
      deviceListMetadata: [DeviceListMetadata],
      deviceListMetadataVersion: 2
    }
  },
  body: '2',
  from: '5492634529314'
}
[QUEUE_SE_ENVIO]:  {
  ref: 'ans_1bdd13d3-1322-4816-8f3d-21da5cbbbc48',
  keyword: 'key_04560609-f612-4d97-984d-8749a42b771f',
  answer: ' Ingrese el DNI del titular *SIN PUNTO , NI ESPACIOS* \nEste en proceso',
  options: {
    media: null,
    buttons: [],
    capture: false,
    child: null,
    delay: 0,
    idle: null,
    ref: null,
    nested: [],
    keyword: {},
    callback: false
  },
  refSerialize: 'fbf53eb426157d576fcb7e9257542d3e'
}
[handleMsg]:  {
  key: {
    remoteJid: '5492634529314@s.whatsapp.net',
    fromMe: false,
    id: 'A84476E833324A2F0D',
    participant: undefined
  },
  messageTimestamp: 1712513164,
  pushName: 'Canal de Atencion',
  broadcast: false,
  message: Message {
    extendedTextMessage: ExtendedTextMessage { text: 'ubnt', contextInfo: [ContextInfo] },
    messageContextInfo: MessageContextInfo {
      deviceListMetadata: [DeviceListMetadata],
      deviceListMetadataVersion: 2
    }
  },
  body: 'ubnt',
  from: '5492634529314'
}
[QUEUE_SE_ENVIO]:  {
  ref: 'ans_a99abc6f-22e2-4dd6-9df4-d56b052fb5b9',
  keyword: 'key_02c61aa7-5ac4-4603-8fa1-fdbcd4e7960f',
  answer: '🙌 Hola gracias por comunicarte con  *Intertel Comunicaciones*',
  options: {
    media: null,
    buttons: [],
    capture: false,
    child: null,
    delay: 0,
    idle: null,
    ref: null,
    nested: [],
    keyword: {},
    callback: false
  },
  refSerialize: '73875bf6f9f91f00d02eeb81085c928f'
}
[QUEUE_SE_ENVIO]:  {
  ref: 'ans_482b8a77-785d-4d05-b171-1a82ccf28745',
  keyword: 'ans_a99abc6f-22e2-4dd6-9df4-d56b052fb5b9',
  answer: 'Escribe un *EL NUMERO*  de la opcion deseada:',
  options: {
    media: null,
    buttons: [],
    capture: false,
    child: null,
    delay: 0,
    idle: null,
    ref: null,
    nested: [],
    keyword: {},
    callback: false
  },
  refSerialize: '17f7a764a3f924168adc17ff87e9fdce'
}
[QUEUE_SE_ENVIO]:  {
  ref: 'ans_f7179c22-823a-404f-b18e-bba7d6ca5244',
  keyword: 'ans_482b8a77-785d-4d05-b171-1a82ccf28745',
  answer: '1️⃣ *QUIERO INFORMACION*\n' +
    '2️⃣ *SOY CLIENTE* \n' +
    '3️⃣ *ENVIO DE COMPROBANTE*\n' +
    '*Recorda escribir el número y darle enviar, mensajes de audio y fotos serán ignorados. Gracias!*',
  options: {
    media: null,
    buttons: [],
    capture: false,
    child: null,
    delay: 0,
    idle: null,
    ref: null,
    nested: [ [Object], [Object], [Object], [Object], [Object], [Object] ],
    keyword: {},
    callback: false
  },
  refSerialize: 'f9d6d4e5e8c1a8dc5c03427b01401f85'
}
[handleMsg]:  {
  key: {
    remoteJid: '5492634529314@s.whatsapp.net',
    fromMe: false,
    id: '7480E40DDE73E4ACAC',
    participant: undefined
  },
  messageTimestamp: 1712513208,
  pushName: 'Canal de Atencion',
  broadcast: false,
  message: Message {
    extendedTextMessage: ExtendedTextMessage { text: '1', contextInfo: [ContextInfo] },
    messageContextInfo: MessageContextInfo {
      deviceListMetadata: [DeviceListMetadata],
      deviceListMetadataVersion: 2
    }
  },
  body: '1',
  from: '5492634529314'
}
[QUEUE_SE_ENVIO]:  {
  ref: 'ans_72a12e21-eaf1-4f18-9da8-b99bbad37c54',
  keyword: 'key_24ce6b14-e296-43a1-9718-2794b7b2c420',
  answer: '1️⃣ *Costo de conexion y planes*\n' +
    '2️⃣ *Hablar con un asesor*\n' +
    '3️⃣ *Solicitar Servicio* \n' +
    '0️⃣ *Volver el Menu Anterior*',
  options: {
    media: null,
    buttons: [],
    capture: false,
    child: null,
    delay: 0,
    idle: null,
    ref: null,
    nested: [
      [Object], [Object], [Object],
      [Object], [Object], [Object],
      [Object], [Object], [Object],
      [Object], [Object], [Object],
      [Object], [Object], [Object],
      [Object], [Object], [Object],
      [Object], [Object], [Object],
      [Object]
    ],
    keyword: {},
    callback: false
  },
  refSerialize: '97c8fca0855977d9cdd428a46ba51ece'
}
[handleMsg]:  {
  key: {
    remoteJid: '5492634529314@s.whatsapp.net',
    fromMe: false,
    id: '742A07C58331236D57',
    participant: undefined
  },
  messageTimestamp: 1712513214,
  pushName: 'Canal de Atencion',
  broadcast: false,
  message: Message {
    extendedTextMessage: ExtendedTextMessage { text: '3', contextInfo: [ContextInfo] },
    messageContextInfo: MessageContextInfo {
      deviceListMetadata: [DeviceListMetadata],
      deviceListMetadataVersion: 2
    }
  },
  body: '3',
  from: '5492634529314'
}
[QUEUE_SE_ENVIO]:  {
  ref: 'ans_757217ee-1055-4c4b-abbe-f8c13af151ec',
  keyword: 'key_fc884e4d-68f0-42b0-80ac-65cd7fe97817',
  answer: '*Solicitar nuevo servicio*',
  options: {
    media: null,
    buttons: [],
    capture: false,
    child: null,
    delay: 0,
    idle: null,
    ref: null,
    nested: [],
    keyword: {},
    callback: false
  },
  refSerialize: '8d652cca52f66e78283df00d9baa78c5'
}
[QUEUE_SE_ENVIO]:  {
  ref: 'ans_68a82bc0-7445-43b1-92ce-9bf66d07a8da',
  keyword: 'ans_757217ee-1055-4c4b-abbe-f8c13af151ec',
  answer: ' Pediremos tus datos y daremos de alta tu cuenta de cliente',
  options: {
    media: null,
    buttons: [],
    capture: false,
    child: null,
    delay: 0,
    idle: null,
    ref: null,
    nested: [],
    keyword: {},
    callback: false
  },
  refSerialize: 'd2d6ce8410e47156de242d3b6585c6d8'
}
[QUEUE_SE_ENVIO]:  {
  ref: 'ans_347b649f-7a15-4a18-bdcd-bac1e0d943b6',
  keyword: 'ans_68a82bc0-7445-43b1-92ce-9bf66d07a8da',
  answer: ' Cuando la cuenta este dada de alta te va a llegar un mensaje de bienvenida, y después un segundo mensaje confirmando día y hora de la instalación. Los tiempos de instalación son entre 24hs y 72hs. Muchas gracias!',
  options: {
    media: null,
    buttons: [],
    capture: false,
    child: null,
    delay: 0,
    idle: null,
    ref: null,
    nested: [],
    keyword: {},
    callback: false
  },
  refSerialize: 'cfc3dbdb3588551f7d986fc287c4d0d6'
}
[QUEUE_SE_ENVIO]:  {
  ref: 'ans_e1b976da-1df8-419c-ac3b-2e968220ad56',
  keyword: 'ans_347b649f-7a15-4a18-bdcd-bac1e0d943b6',
  answer: '0️⃣ *Para cancelar y ver el menu nuevamente*',
  options: {
    media: null,
    buttons: [],
    capture: false,
    child: null,
    delay: 0,
    idle: null,
    ref: null,
    nested: [],
    keyword: {},
    callback: false
  },
  refSerialize: '2cc4ef38e5e253a23b19c3d7572f1909'
}
[QUEUE_SE_ENVIO]:  {
  ref: 'ans_ef659539-9fb0-4934-8eb8-557057b03f69',
  keyword: 'ans_e1b976da-1df8-419c-ac3b-2e968220ad56',
  answer: '1️⃣ *Para continuar',
  options: {
    media: null,
    buttons: [],
    capture: false,
    child: null,
    delay: 0,
    idle: null,
    ref: null,
    nested: [],
    keyword: {},
    callback: false
  },
  refSerialize: '85eaf3f6fd6671cb196dd76b29108b5e'
}
