<<<<<<< HEAD
5492634529314:ENCOLADO ans_90b6967e-cd50-48d8-8fb1-d1feffede200
EJECUTANDO:ans_90b6967e-cd50-48d8-8fb1-d1feffede200
5492634529314:SUCCESS
5492634529314:ENCOLADO ans_39ce2b9a-85c3-4acd-a184-1f7b17387366
EJECUTANDO:ans_39ce2b9a-85c3-4acd-a184-1f7b17387366
5492634529314:SUCCESS
5492634529314:ENCOLADO ans_e1a61c5f-cb21-4db7-bcff-9a0e89d3ae92
EJECUTANDO:ans_e1a61c5f-cb21-4db7-bcff-9a0e89d3ae92
5492634529314:SUCCESS
5492634529314:ENCOLADO ans_461e0357-ef1a-4709-b114-863db838fede
EJECUTANDO:ans_461e0357-ef1a-4709-b114-863db838fede
5492634529314:SUCCESS
5492634529314:ENCOLADO ans_bf63bfec-6f5b-427e-9656-ed6729b5791d
EJECUTANDO:ans_bf63bfec-6f5b-427e-9656-ed6729b5791d
5492634529314:SUCCESS
5492634529314:ENCOLADO ans_6c0e74b5-7aaa-4023-8802-ab05f39f0b2a
EJECUTANDO:ans_6c0e74b5-7aaa-4023-8802-ab05f39f0b2a
5492634529314:SUCCESS
5492634529314:ENCOLADO ans_71528b9e-32c3-449c-a7f1-ca65caa08dca
EJECUTANDO:ans_71528b9e-32c3-449c-a7f1-ca65caa08dca
5492634529314:SUCCESS
5492634529314:ENCOLADO ans_c15db5a2-386e-40da-8a2d-80cfecc38cdd
EJECUTANDO:ans_c15db5a2-386e-40da-8a2d-80cfecc38cdd
5492634529314:SUCCESS
5492634529314:ENCOLADO ans_e1f564a1-011c-4b66-b9a9-dccde9393745
EJECUTANDO:ans_e1f564a1-011c-4b66-b9a9-dccde9393745
5492634529314:SUCCESS
5492634529314:ENCOLADO ans_a8b1732d-a052-46db-b4d5-abd120f3f9ae
EJECUTANDO:ans_a8b1732d-a052-46db-b4d5-abd120f3f9ae
5492634529314:SUCCESS
5492634529314:ENCOLADO ans_0b754054-7465-4302-82ce-8da1bdbd58c9
EJECUTANDO:ans_0b754054-7465-4302-82ce-8da1bdbd58c9
5492634529314:SUCCESS
5492634529314:ENCOLADO ans_9b1d1e00-f870-4717-aefc-eb6a3420f566
EJECUTANDO:ans_9b1d1e00-f870-4717-aefc-eb6a3420f566
5492634529314:SUCCESS
5492634529314:ENCOLADO ans_a89be972-9c11-4265-afa9-0d18b030d020
EJECUTANDO:ans_a89be972-9c11-4265-afa9-0d18b030d020
5492634529314:SUCCESS
5492634529314:ENCOLADO ans_d985d1d7-6e7e-4df0-a497-93ec21aa65fd
EJECUTANDO:ans_d985d1d7-6e7e-4df0-a497-93ec21aa65fd
5492634529314:SUCCESS
5492634529314:ENCOLADO ans_244f9473-db7d-4b22-a9e9-7241af788965
EJECUTANDO:ans_244f9473-db7d-4b22-a9e9-7241af788965
5492634529314:SUCCESS
5492634529314:ENCOLADO ans_ef88f839-38dc-4893-a71a-d70dee834084
EJECUTANDO:ans_ef88f839-38dc-4893-a71a-d70dee834084
5492634529314:SUCCESS
5492634529314:ENCOLADO ans_df39612e-b97e-46fb-9d30-9bcd0b4eaaee
EJECUTANDO:ans_df39612e-b97e-46fb-9d30-9bcd0b4eaaee
=======
5492634529314:ENCOLADO ans_4ad67312-edc4-4afe-badd-59dd6e3c6a59
EJECUTANDO:ans_4ad67312-edc4-4afe-badd-59dd6e3c6a59
5492634529314:SUCCESS
5492634529314:ENCOLADO ans_d6077b37-9fee-4216-9865-68eabbe6911d
EJECUTANDO:ans_d6077b37-9fee-4216-9865-68eabbe6911d
5492634529314:SUCCESS
5492634529314:ENCOLADO ans_32d9ff63-ae6f-400d-9a52-6794ec0c9cab
EJECUTANDO:ans_32d9ff63-ae6f-400d-9a52-6794ec0c9cab
5492634529314:SUCCESS
5492634529314:ENCOLADO ans_6da60643-f0a3-42aa-b664-0c23e9081e5b
EJECUTANDO:ans_6da60643-f0a3-42aa-b664-0c23e9081e5b
5492634529314:SUCCESS
5492634529314:ENCOLADO ans_c963064a-6516-43a5-a401-e2736c61caa9
EJECUTANDO:ans_c963064a-6516-43a5-a401-e2736c61caa9
5492634529314:SUCCESS
5492634529314:ENCOLADO ans_cbb63478-c313-4672-9807-c3fce8d78e96
EJECUTANDO:ans_cbb63478-c313-4672-9807-c3fce8d78e96
5492634529314:SUCCESS
5492634529314:ENCOLADO ans_c4783ad0-5bee-4051-ae8f-725274be3353
EJECUTANDO:ans_c4783ad0-5bee-4051-ae8f-725274be3353
5492634529314:SUCCESS
5492634529314:ENCOLADO ans_c434f1f3-b849-4570-a860-b7f91f3709a4
EJECUTANDO:ans_c434f1f3-b849-4570-a860-b7f91f3709a4
5492634529314:SUCCESS
5492634529314:ENCOLADO ans_c7cc6346-bfb5-492e-bd35-834ce66ba715
EJECUTANDO:ans_c7cc6346-bfb5-492e-bd35-834ce66ba715
5492634529314:SUCCESS
5492634529314:ENCOLADO ans_f5bf9384-0d47-40ba-8ee6-f3b16861a033
EJECUTANDO:ans_f5bf9384-0d47-40ba-8ee6-f3b16861a033
5492634529314:SUCCESS
5492634529314:ENCOLADO ans_08157159-dc89-4ef8-9ca5-a4647d6a7b4f
EJECUTANDO:ans_08157159-dc89-4ef8-9ca5-a4647d6a7b4f
5492634529314:SUCCESS
5492634529314:ENCOLADO ans_deec28db-2aad-42ef-a496-da1102d29fd4
EJECUTANDO:ans_deec28db-2aad-42ef-a496-da1102d29fd4
5492634529314:SUCCESS
5492634529314:ENCOLADO ans_c75024bb-5ec7-46ce-8332-5e16502398ec
EJECUTANDO:ans_c75024bb-5ec7-46ce-8332-5e16502398ec
5492634529314:SUCCESS
5492634529314:ENCOLADO ans_a5e5b6fd-0d5c-4ed1-9010-74eefc2d1d50
EJECUTANDO:ans_a5e5b6fd-0d5c-4ed1-9010-74eefc2d1d50
5492634529314:SUCCESS
5492634529314:ENCOLADO ans_4d3a6129-6a60-45aa-9460-98df685f9e0f
EJECUTANDO:ans_4d3a6129-6a60-45aa-9460-98df685f9e0f
5492634529314:SUCCESS
5492634529314:ENCOLADO ans_0b25bdc3-340d-49e0-8409-691be36a5211
EJECUTANDO:ans_0b25bdc3-340d-49e0-8409-691be36a5211
5492634529314:SUCCESS
5492634529314:ENCOLADO ans_ba6829c4-e91f-4b31-9e2f-f5bd09e7eeb1
EJECUTANDO:ans_ba6829c4-e91f-4b31-9e2f-f5bd09e7eeb1
5492634529314:SUCCESS
5492634529314:ENCOLADO ans_5263a08c-bb9c-449f-81e7-ab47ecd61e1f
EJECUTANDO:ans_5263a08c-bb9c-449f-81e7-ab47ecd61e1f
5492634529314:SUCCESS
5492634529314:ENCOLADO ans_1634259f-3f29-4813-8a42-3bce50287965
EJECUTANDO:ans_1634259f-3f29-4813-8a42-3bce50287965
5492634529314:SUCCESS
5492634529314:ENCOLADO ans_6df14243-1d26-4309-9b99-5000c30bd9e8
EJECUTANDO:ans_6df14243-1d26-4309-9b99-5000c30bd9e8
5492634529314:SUCCESS
5492634529314:ENCOLADO ans_121f0f8c-cd3e-4c84-ae9a-edfbeb90f655
EJECUTANDO:ans_121f0f8c-cd3e-4c84-ae9a-edfbeb90f655
5492634529314:SUCCESS
5492634529314:ENCOLADO ans_3c86ab56-dd58-4dc4-991e-af2a03ab0390
EJECUTANDO:ans_3c86ab56-dd58-4dc4-991e-af2a03ab0390
5492634529314:SUCCESS
5492634529314:ENCOLADO ans_bc1a5783-6b28-4ba0-8d90-d25f725ddb8a
EJECUTANDO:ans_bc1a5783-6b28-4ba0-8d90-d25f725ddb8a
>>>>>>> 78eb705b08e18b1e6e07857d63bd9f987d0b0013
5492634529314:SUCCESS
